{"/Users/jaf/tattler-app/frontend/src/components/AddReviewDialog.jsx": {"path":"/Users/jaf/tattler-app/frontend/src/components/AddReviewDialog.jsx","statementMap":{"0":{"start":{"line":10,"column":24},"end":{"line":96,"column":1}},"1":{"start":{"line":12,"column":4},"end":{"line":12,"column":21}},"2":{"start":{"line":14,"column":30},"end":{"line":14,"column":41}},"3":{"start":{"line":15,"column":32},"end":{"line":15,"column":44}},"4":{"start":{"line":16,"column":28},"end":{"line":16,"column":42}},"5":{"start":{"line":18,"column":23},"end":{"line":18,"column":40}},"6":{"start":{"line":20,"column":16},"end":{"line":26,"column":3}},"7":{"start":{"line":21,"column":4},"end":{"line":21,"column":24}},"8":{"start":{"line":22,"column":4},"end":{"line":22,"column":16}},"9":{"start":{"line":23,"column":4},"end":{"line":23,"column":18}},"10":{"start":{"line":24,"column":4},"end":{"line":24,"column":25}},"11":{"start":{"line":25,"column":4},"end":{"line":25,"column":18}},"12":{"start":{"line":28,"column":17},"end":{"line":41,"column":3}},"13":{"start":{"line":29,"column":4},"end":{"line":29,"column":18}},"14":{"start":{"line":30,"column":4},"end":{"line":40,"column":5}},"15":{"start":{"line":34,"column":10},"end":{"line":34,"column":71}},"16":{"start":{"line":37,"column":10},"end":{"line":37,"column":17}},"17":{"start":{"line":44,"column":4},"end":{"line":56,"column":10}},"18":{"start":{"line":47,"column":23},"end":{"line":47,"column":43}},"19":{"start":{"line":59,"column":2},"end":{"line":95,"column":3}},"20":{"start":{"line":64,"column":8},"end":{"line":64,"column":31}},"21":{"start":{"line":64,"column":25},"end":{"line":64,"column":31}},"22":{"start":{"line":65,"column":8},"end":{"line":65,"column":28}},"23":{"start":{"line":78,"column":31},"end":{"line":78,"column":49}},"24":{"start":{"line":87,"column":29},"end":{"line":87,"column":55}}},"fnMap":{"0":{"name":"(anonymous_0)","decl":{"start":{"line":10,"column":24},"end":{"line":10,"column":25}},"loc":{"start":{"line":10,"column":30},"end":{"line":96,"column":1}},"line":10},"1":{"name":"(anonymous_1)","decl":{"start":{"line":20,"column":16},"end":{"line":20,"column":17}},"loc":{"start":{"line":20,"column":22},"end":{"line":26,"column":3}},"line":20},"2":{"name":"(anonymous_2)","decl":{"start":{"line":28,"column":17},"end":{"line":28,"column":18}},"loc":{"start":{"line":28,"column":29},"end":{"line":41,"column":3}},"line":28},"3":{"name":"(anonymous_3)","decl":{"start":{"line":33,"column":17},"end":{"line":33,"column":18}},"loc":{"start":{"line":33,"column":26},"end":{"line":35,"column":9}},"line":33},"4":{"name":"(anonymous_4)","decl":{"start":{"line":36,"column":19},"end":{"line":36,"column":20}},"loc":{"start":{"line":36,"column":25},"end":{"line":38,"column":9}},"line":36},"5":{"name":"(anonymous_5)","decl":{"start":{"line":47,"column":17},"end":{"line":47,"column":18}},"loc":{"start":{"line":47,"column":23},"end":{"line":47,"column":43}},"line":47},"6":{"name":"(anonymous_6)","decl":{"start":{"line":63,"column":14},"end":{"line":63,"column":15}},"loc":{"start":{"line":63,"column":20},"end":{"line":66,"column":7}},"line":63},"7":{"name":"(anonymous_7)","decl":{"start":{"line":78,"column":24},"end":{"line":78,"column":25}},"loc":{"start":{"line":78,"column":31},"end":{"line":78,"column":49}},"line":78},"8":{"name":"(anonymous_8)","decl":{"start":{"line":87,"column":22},"end":{"line":87,"column":23}},"loc":{"start":{"line":87,"column":29},"end":{"line":87,"column":55}},"line":87}},"branchMap":{"0":{"loc":{"start":{"line":34,"column":30},"end":{"line":34,"column":68}},"type":"binary-expr","locations":[{"start":{"line":34,"column":30},"end":{"line":34,"column":41}},{"start":{"line":34,"column":45},"end":{"line":34,"column":68}}],"line":34},"1":{"loc":{"start":{"line":64,"column":8},"end":{"line":64,"column":31}},"type":"if","locations":[{"start":{"line":64,"column":8},"end":{"line":64,"column":31}},{"start":{},"end":{}}],"line":64},"2":{"loc":{"start":{"line":72,"column":9},"end":{"line":72,"column":67}},"type":"binary-expr","locations":[{"start":{"line":72,"column":9},"end":{"line":72,"column":14}},{"start":{"line":72,"column":18},"end":{"line":72,"column":67}}],"line":72}},"s":{"0":2,"1":19,"2":19,"3":19,"4":19,"5":19,"6":19,"7":1,"8":1,"9":1,"10":1,"11":1,"12":19,"13":3,"14":3,"15":1,"16":1,"17":19,"18":1,"19":19,"20":1,"21":0,"22":1,"23":4,"24":2},"f":{"0":19,"1":1,"2":3,"3":1,"4":1,"5":1,"6":1,"7":4,"8":2},"b":{"0":[1,0],"1":[0,1],"2":[19,1]},"_coverageSchema":"1a1c01bbd47fc00a2c39e90264f33305004495a9","hash":"19dd7c7c9f3e33de2c959f8f68f6760a1e0eeecb"}
,"/Users/jaf/tattler-app/frontend/src/components/Footer.jsx": {"path":"/Users/jaf/tattler-app/frontend/src/components/Footer.jsx","statementMap":{"0":{"start":{"line":1,"column":15},"end":{"line":9,"column":1}},"1":{"start":{"line":2,"column":2},"end":{"line":8,"column":3}}},"fnMap":{"0":{"name":"(anonymous_0)","decl":{"start":{"line":1,"column":15},"end":{"line":1,"column":16}},"loc":{"start":{"line":1,"column":21},"end":{"line":9,"column":1}},"line":1}},"branchMap":{},"s":{"0":1,"1":1},"f":{"0":1},"b":{},"_coverageSchema":"1a1c01bbd47fc00a2c39e90264f33305004495a9","hash":"7bdab08d25be34fc39308ef35a6acc18cc269a8e"}
,"/Users/jaf/tattler-app/frontend/src/components/Header.jsx": {"path":"/Users/jaf/tattler-app/frontend/src/components/Header.jsx","statementMap":{"0":{"start":{"line":4,"column":15},"end":{"line":58,"column":1}},"1":{"start":{"line":5,"column":38},"end":{"line":5,"column":47}},"2":{"start":{"line":6,"column":19},"end":{"line":6,"column":32}},"3":{"start":{"line":8,"column":2},"end":{"line":57,"column":3}}},"fnMap":{"0":{"name":"(anonymous_0)","decl":{"start":{"line":4,"column":15},"end":{"line":4,"column":16}},"loc":{"start":{"line":4,"column":21},"end":{"line":58,"column":1}},"line":4}},"branchMap":{"0":{"loc":{"start":{"line":21,"column":11},"end":{"line":53,"column":11}},"type":"cond-expr","locations":[{"start":{"line":22,"column":12},"end":{"line":29,"column":17}},{"start":{"line":31,"column":12},"end":{"line":52,"column":13}}],"line":21},"1":{"loc":{"start":{"line":31,"column":12},"end":{"line":52,"column":13}},"type":"binary-expr","locations":[{"start":{"line":31,"column":12},"end":{"line":31,"column":62}},{"start":{"line":32,"column":12},"end":{"line":51,"column":15}}],"line":31}},"s":{"0":1,"1":5,"2":5,"3":5},"f":{"0":5},"b":{"0":[2,3],"1":[3,2]},"_coverageSchema":"1a1c01bbd47fc00a2c39e90264f33305004495a9","hash":"8a27f2a580438ffb78d442b243319aa1b7ec765e"}
,"/Users/jaf/tattler-app/frontend/src/components/RestaurantCard.jsx": {"path":"/Users/jaf/tattler-app/frontend/src/components/RestaurantCard.jsx","statementMap":{"0":{"start":{"line":9,"column":23},"end":{"line":57,"column":1}},"1":{"start":{"line":10,"column":45},"end":{"line":10,"column":62}},"2":{"start":{"line":12,"column":24},"end":{"line":15,"column":3}},"3":{"start":{"line":13,"column":4},"end":{"line":13,"column":23}},"4":{"start":{"line":14,"column":4},"end":{"line":14,"column":29}},"5":{"start":{"line":18,"column":4},"end":{"line":22,"column":6}},"6":{"start":{"line":25,"column":4},"end":{"line":25,"column":71}},"7":{"start":{"line":29,"column":4},"end":{"line":36,"column":7}},"8":{"start":{"line":33,"column":23},"end":{"line":33,"column":44}},"9":{"start":{"line":39,"column":2},"end":{"line":56,"column":3}}},"fnMap":{"0":{"name":"(anonymous_0)","decl":{"start":{"line":9,"column":23},"end":{"line":9,"column":24}},"loc":{"start":{"line":9,"column":50},"end":{"line":57,"column":1}},"line":9},"1":{"name":"(anonymous_1)","decl":{"start":{"line":12,"column":24},"end":{"line":12,"column":25}},"loc":{"start":{"line":12,"column":30},"end":{"line":15,"column":3}},"line":12},"2":{"name":"(anonymous_2)","decl":{"start":{"line":33,"column":17},"end":{"line":33,"column":18}},"loc":{"start":{"line":33,"column":23},"end":{"line":33,"column":44}},"line":33}},"branchMap":{"0":{"loc":{"start":{"line":25,"column":19},"end":{"line":25,"column":43}},"type":"binary-expr","locations":[{"start":{"line":25,"column":19},"end":{"line":25,"column":38}},{"start":{"line":25,"column":42},"end":{"line":25,"column":43}}],"line":25}},"s":{"0":1,"1":5,"2":5,"3":1,"4":1,"5":5,"6":5,"7":5,"8":1,"9":5},"f":{"0":5,"1":1,"2":1},"b":{"0":[5,1]},"_coverageSchema":"1a1c01bbd47fc00a2c39e90264f33305004495a9","hash":"dad136441ef028e69b4b646b350dada0115515ae"}
,"/Users/jaf/tattler-app/frontend/src/components/ReviewCard.jsx": {"path":"/Users/jaf/tattler-app/frontend/src/components/ReviewCard.jsx","statementMap":{"0":{"start":{"line":5,"column":19},"end":{"line":18,"column":1}},"1":{"start":{"line":7,"column":4},"end":{"line":10,"column":10}},"2":{"start":{"line":12,"column":2},"end":{"line":17,"column":3}}},"fnMap":{"0":{"name":"(anonymous_0)","decl":{"start":{"line":5,"column":19},"end":{"line":5,"column":20}},"loc":{"start":{"line":5,"column":35},"end":{"line":18,"column":1}},"line":5}},"branchMap":{},"s":{"0":1,"1":2,"2":2},"f":{"0":2},"b":{},"_coverageSchema":"1a1c01bbd47fc00a2c39e90264f33305004495a9","hash":"54f2c4a04c40c9048724e42c8f7c10a2a6cb4b11"}
,"/Users/jaf/tattler-app/frontend/src/components/Searchbar.jsx": {"path":"/Users/jaf/tattler-app/frontend/src/components/Searchbar.jsx","statementMap":{"0":{"start":{"line":7,"column":18},"end":{"line":62,"column":1}},"1":{"start":{"line":8,"column":64},"end":{"line":8,"column":69}},"2":{"start":{"line":10,"column":19},"end":{"line":33,"column":3}},"3":{"start":{"line":35,"column":2},"end":{"line":61,"column":3}},"4":{"start":{"line":43,"column":27},"end":{"line":43,"column":50}},"5":{"start":{"line":48,"column":25},"end":{"line":48,"column":51}},"6":{"start":{"line":58,"column":23},"end":{"line":58,"column":42}}},"fnMap":{"0":{"name":"(anonymous_0)","decl":{"start":{"line":7,"column":18},"end":{"line":7,"column":19}},"loc":{"start":{"line":7,"column":29},"end":{"line":62,"column":1}},"line":7},"1":{"name":"(anonymous_1)","decl":{"start":{"line":43,"column":20},"end":{"line":43,"column":21}},"loc":{"start":{"line":43,"column":27},"end":{"line":43,"column":50}},"line":43},"2":{"name":"(anonymous_2)","decl":{"start":{"line":48,"column":18},"end":{"line":48,"column":19}},"loc":{"start":{"line":48,"column":25},"end":{"line":48,"column":51}},"line":48},"3":{"name":"(anonymous_3)","decl":{"start":{"line":58,"column":17},"end":{"line":58,"column":18}},"loc":{"start":{"line":58,"column":23},"end":{"line":58,"column":42}},"line":58}},"branchMap":{},"s":{"0":1,"1":4,"2":4,"3":4,"4":1,"5":1,"6":1},"f":{"0":4,"1":1,"2":1,"3":1},"b":{},"_coverageSchema":"1a1c01bbd47fc00a2c39e90264f33305004495a9","hash":"c165ef9c910c90d043eb49d10d5c5fc2fdd8db5b"}
,"/Users/jaf/tattler-app/frontend/src/context/AuthContext.jsx": {"path":"/Users/jaf/tattler-app/frontend/src/context/AuthContext.jsx","statementMap":{"0":{"start":{"line":4,"column":20},"end":{"line":4,"column":35}},"1":{"start":{"line":6,"column":28},"end":{"line":41,"column":1}},"2":{"start":{"line":7,"column":28},"end":{"line":7,"column":67}},"3":{"start":{"line":8,"column":48},"end":{"line":8,"column":65}},"4":{"start":{"line":10,"column":2},"end":{"line":22,"column":8}},"5":{"start":{"line":11,"column":32},"end":{"line":15,"column":5}},"6":{"start":{"line":12,"column":23},"end":{"line":12,"column":52}},"7":{"start":{"line":13,"column":6},"end":{"line":13,"column":24}},"8":{"start":{"line":14,"column":6},"end":{"line":14,"column":36}},"9":{"start":{"line":17,"column":4},"end":{"line":17,"column":59}},"10":{"start":{"line":19,"column":4},"end":{"line":21,"column":5}},"11":{"start":{"line":20,"column":6},"end":{"line":20,"column":64}},"12":{"start":{"line":24,"column":16},"end":{"line":28,"column":3}},"13":{"start":{"line":25,"column":4},"end":{"line":25,"column":43}},"14":{"start":{"line":26,"column":4},"end":{"line":26,"column":22}},"15":{"start":{"line":27,"column":4},"end":{"line":27,"column":28}},"16":{"start":{"line":30,"column":17},"end":{"line":34,"column":3}},"17":{"start":{"line":31,"column":4},"end":{"line":31,"column":36}},"18":{"start":{"line":32,"column":4},"end":{"line":32,"column":18}},"19":{"start":{"line":33,"column":4},"end":{"line":33,"column":29}},"20":{"start":{"line":36,"column":2},"end":{"line":40,"column":3}},"21":{"start":{"line":43,"column":23},"end":{"line":45,"column":1}},"22":{"start":{"line":44,"column":2},"end":{"line":44,"column":32}}},"fnMap":{"0":{"name":"(anonymous_0)","decl":{"start":{"line":6,"column":28},"end":{"line":6,"column":29}},"loc":{"start":{"line":6,"column":46},"end":{"line":41,"column":1}},"line":6},"1":{"name":"(anonymous_1)","decl":{"start":{"line":10,"column":12},"end":{"line":10,"column":13}},"loc":{"start":{"line":10,"column":18},"end":{"line":22,"column":3}},"line":10},"2":{"name":"(anonymous_2)","decl":{"start":{"line":11,"column":32},"end":{"line":11,"column":33}},"loc":{"start":{"line":11,"column":38},"end":{"line":15,"column":5}},"line":11},"3":{"name":"(anonymous_3)","decl":{"start":{"line":19,"column":11},"end":{"line":19,"column":12}},"loc":{"start":{"line":19,"column":17},"end":{"line":21,"column":5}},"line":19},"4":{"name":"(anonymous_4)","decl":{"start":{"line":24,"column":16},"end":{"line":24,"column":17}},"loc":{"start":{"line":24,"column":30},"end":{"line":28,"column":3}},"line":24},"5":{"name":"(anonymous_5)","decl":{"start":{"line":30,"column":17},"end":{"line":30,"column":18}},"loc":{"start":{"line":30,"column":23},"end":{"line":34,"column":3}},"line":30},"6":{"name":"(anonymous_6)","decl":{"start":{"line":43,"column":23},"end":{"line":43,"column":24}},"loc":{"start":{"line":43,"column":29},"end":{"line":45,"column":1}},"line":43}},"branchMap":{},"s":{"0":1,"1":1,"2":0,"3":0,"4":0,"5":0,"6":0,"7":0,"8":0,"9":0,"10":0,"11":0,"12":0,"13":0,"14":0,"15":0,"16":0,"17":0,"18":0,"19":0,"20":0,"21":1,"22":0},"f":{"0":0,"1":0,"2":0,"3":0,"4":0,"5":0,"6":0},"b":{},"_coverageSchema":"1a1c01bbd47fc00a2c39e90264f33305004495a9","hash":"47654b21ff5e3f0259e8230d7527963878d535fe"}
,"/Users/jaf/tattler-app/frontend/src/hook/useSubmitReview.jsx": {"path":"/Users/jaf/tattler-app/frontend/src/hook/useSubmitReview.jsx","statementMap":{"0":{"start":{"line":6,"column":37},"end":{"line":6,"column":46}},"1":{"start":{"line":7,"column":13},"end":{"line":7,"column":29}},"2":{"start":{"line":9,"column":19},"end":{"line":23,"column":4}},"3":{"start":{"line":11,"column":6},"end":{"line":15,"column":7}},"4":{"start":{"line":12,"column":18},"end":{"line":12,"column":69}},"5":{"start":{"line":13,"column":8},"end":{"line":13,"column":23}},"6":{"start":{"line":14,"column":8},"end":{"line":14,"column":15}},"7":{"start":{"line":16,"column":6},"end":{"line":16,"column":53}},"8":{"start":{"line":19,"column":17},"end":{"line":19,"column":39}},"9":{"start":{"line":20,"column":6},"end":{"line":20,"column":43}},"10":{"start":{"line":21,"column":6},"end":{"line":21,"column":46}},"11":{"start":{"line":25,"column":2},"end":{"line":25,"column":17}}},"fnMap":{"0":{"name":"useSubmitReview","decl":{"start":{"line":5,"column":24},"end":{"line":5,"column":39}},"loc":{"start":{"line":5,"column":42},"end":{"line":26,"column":1}},"line":5},"1":{"name":"(anonymous_1)","decl":{"start":{"line":10,"column":16},"end":{"line":10,"column":17}},"loc":{"start":{"line":10,"column":53},"end":{"line":17,"column":5}},"line":10},"2":{"name":"(anonymous_2)","decl":{"start":{"line":18,"column":15},"end":{"line":18,"column":16}},"loc":{"start":{"line":18,"column":37},"end":{"line":22,"column":5}},"line":18}},"branchMap":{"0":{"loc":{"start":{"line":11,"column":6},"end":{"line":15,"column":7}},"type":"if","locations":[{"start":{"line":11,"column":6},"end":{"line":15,"column":7}},{"start":{},"end":{}}],"line":11}},"s":{"0":0,"1":0,"2":0,"3":0,"4":0,"5":0,"6":0,"7":0,"8":0,"9":0,"10":0,"11":0},"f":{"0":0,"1":0,"2":0},"b":{"0":[0,0]},"_coverageSchema":"1a1c01bbd47fc00a2c39e90264f33305004495a9","hash":"c5d8fb8b6951a9c8fe55dc3039c584df8e31f140"}
,"/Users/jaf/tattler-app/frontend/src/services/review.js": {"path":"/Users/jaf/tattler-app/frontend/src/services/review.js","statementMap":{"0":{"start":{"line":1,"column":16},"end":{"line":1,"column":36}},"1":{"start":{"line":3,"column":40},"end":{"line":10,"column":1}},"2":{"start":{"line":4,"column":14},"end":{"line":4,"column":49}},"3":{"start":{"line":5,"column":19},"end":{"line":5,"column":35}},"4":{"start":{"line":6,"column":2},"end":{"line":8,"column":3}},"5":{"start":{"line":7,"column":4},"end":{"line":7,"column":50}},"6":{"start":{"line":9,"column":2},"end":{"line":9,"column":24}},"7":{"start":{"line":12,"column":26},"end":{"line":30,"column":1}},"8":{"start":{"line":13,"column":14},"end":{"line":13,"column":49}},"9":{"start":{"line":14,"column":18},"end":{"line":14,"column":56}},"10":{"start":{"line":15,"column":2},"end":{"line":15,"column":54}},"11":{"start":{"line":15,"column":13},"end":{"line":15,"column":54}},"12":{"start":{"line":17,"column":19},"end":{"line":21,"column":4}},"13":{"start":{"line":23,"column":2},"end":{"line":27,"column":3}},"14":{"start":{"line":24,"column":17},"end":{"line":24,"column":56}},"15":{"start":{"line":24,"column":51},"end":{"line":24,"column":55}},"16":{"start":{"line":25,"column":16},"end":{"line":25,"column":47}},"17":{"start":{"line":26,"column":4},"end":{"line":26,"column":24}},"18":{"start":{"line":29,"column":2},"end":{"line":29,"column":24}}},"fnMap":{"0":{"name":"(anonymous_0)","decl":{"start":{"line":3,"column":40},"end":{"line":3,"column":41}},"loc":{"start":{"line":3,"column":64},"end":{"line":10,"column":1}},"line":3},"1":{"name":"(anonymous_1)","decl":{"start":{"line":12,"column":26},"end":{"line":12,"column":27}},"loc":{"start":{"line":12,"column":66},"end":{"line":30,"column":1}},"line":12},"2":{"name":"(anonymous_2)","decl":{"start":{"line":24,"column":45},"end":{"line":24,"column":46}},"loc":{"start":{"line":24,"column":51},"end":{"line":24,"column":55}},"line":24}},"branchMap":{"0":{"loc":{"start":{"line":6,"column":2},"end":{"line":8,"column":3}},"type":"if","locations":[{"start":{"line":6,"column":2},"end":{"line":8,"column":3}},{"start":{},"end":{}}],"line":6},"1":{"loc":{"start":{"line":15,"column":2},"end":{"line":15,"column":54}},"type":"if","locations":[{"start":{"line":15,"column":2},"end":{"line":15,"column":54}},{"start":{},"end":{}}],"line":15},"2":{"loc":{"start":{"line":23,"column":2},"end":{"line":27,"column":3}},"type":"if","locations":[{"start":{"line":23,"column":2},"end":{"line":27,"column":3}},{"start":{},"end":{}}],"line":23},"3":{"loc":{"start":{"line":25,"column":16},"end":{"line":25,"column":47}},"type":"binary-expr","locations":[{"start":{"line":25,"column":16},"end":{"line":25,"column":20}},{"start":{"line":25,"column":24},"end":{"line":25,"column":47}}],"line":25}},"s":{"0":1,"1":1,"2":0,"3":0,"4":0,"5":0,"6":0,"7":1,"8":0,"9":0,"10":0,"11":0,"12":0,"13":0,"14":0,"15":0,"16":0,"17":0,"18":0},"f":{"0":0,"1":0,"2":0},"b":{"0":[0,0],"1":[0,0],"2":[0,0],"3":[0,0]},"_coverageSchema":"1a1c01bbd47fc00a2c39e90264f33305004495a9","hash":"81dd146e10b18a75960bb47fc13ca237160f4914"}
}
