TN:
SF:src/components/AddReviewDialog.jsx
FN:10,(anonymous_0)
FN:20,(anonymous_1)
FN:28,(anonymous_2)
FN:33,(anonymous_3)
FN:36,(anonymous_4)
FN:47,(anonymous_5)
FN:63,(anonymous_6)
FN:78,(anonymous_7)
FN:87,(anonymous_8)
FNF:9
FNH:9
FNDA:19,(anonymous_0)
FNDA:1,(anonymous_1)
FNDA:3,(anonymous_2)
FNDA:1,(anonymous_3)
FNDA:1,(anonymous_4)
FNDA:1,(anonymous_5)
FNDA:1,(anonymous_6)
FNDA:4,(anonymous_7)
FNDA:2,(anonymous_8)
DA:10,2
DA:12,19
DA:14,19
DA:15,19
DA:16,19
DA:18,19
DA:20,19
DA:21,1
DA:22,1
DA:23,1
DA:24,1
DA:25,1
DA:28,19
DA:29,3
DA:30,3
DA:34,1
DA:37,1
DA:44,19
DA:47,1
DA:59,19
DA:64,1
DA:65,1
DA:78,4
DA:87,2
LF:24
LH:24
BRDA:34,0,0,1
BRDA:34,0,1,0
BRDA:64,1,0,0
BRDA:64,1,1,1
BRDA:72,2,0,19
BRDA:72,2,1,1
BRF:6
BRH:4
end_of_record
TN:
SF:src/components/Footer.jsx
FN:1,(anonymous_0)
FNF:1
FNH:1
FNDA:1,(anonymous_0)
DA:1,1
DA:2,1
LF:2
LH:2
BRF:0
BRH:0
end_of_record
TN:
SF:src/components/Header.jsx
FN:4,(anonymous_0)
FNF:1
FNH:1
FNDA:5,(anonymous_0)
DA:4,1
DA:5,5
DA:6,5
DA:8,5
LF:4
LH:4
BRDA:21,0,0,2
BRDA:21,0,1,3
BRDA:31,1,0,3
BRDA:31,1,1,2
BRF:4
BRH:4
end_of_record
TN:
SF:src/components/RestaurantCard.jsx
FN:9,(anonymous_0)
FN:12,(anonymous_1)
FN:33,(anonymous_2)
FNF:3
FNH:3
FNDA:5,(anonymous_0)
FNDA:1,(anonymous_1)
FNDA:1,(anonymous_2)
DA:9,1
DA:10,5
DA:12,5
DA:13,1
DA:14,1
DA:18,5
DA:25,5
DA:29,5
DA:33,1
DA:39,5
LF:10
LH:10
BRDA:25,0,0,5
BRDA:25,0,1,1
BRF:2
BRH:2
end_of_record
TN:
SF:src/components/ReviewCard.jsx
FN:5,(anonymous_0)
FNF:1
FNH:1
FNDA:2,(anonymous_0)
DA:5,1
DA:7,2
DA:12,2
LF:3
LH:3
BRF:0
BRH:0
end_of_record
TN:
SF:src/components/Searchbar.jsx
FN:7,(anonymous_0)
FN:43,(anonymous_1)
FN:48,(anonymous_2)
FN:58,(anonymous_3)
FNF:4
FNH:4
FNDA:4,(anonymous_0)
FNDA:1,(anonymous_1)
FNDA:1,(anonymous_2)
FNDA:1,(anonymous_3)
DA:7,1
DA:8,4
DA:10,4
DA:35,4
DA:43,1
DA:48,1
DA:58,1
LF:7
LH:7
BRF:0
BRH:0
end_of_record
TN:
SF:src/context/AuthContext.jsx
FN:6,(anonymous_0)
FN:10,(anonymous_1)
FN:11,(anonymous_2)
FN:19,(anonymous_3)
FN:24,(anonymous_4)
FN:30,(anonymous_5)
FN:43,(anonymous_6)
FNF:7
FNH:0
FNDA:0,(anonymous_0)
FNDA:0,(anonymous_1)
FNDA:0,(anonymous_2)
FNDA:0,(anonymous_3)
FNDA:0,(anonymous_4)
FNDA:0,(anonymous_5)
FNDA:0,(anonymous_6)
DA:4,1
DA:6,1
DA:7,0
DA:8,0
DA:10,0
DA:11,0
DA:12,0
DA:13,0
DA:14,0
DA:17,0
DA:19,0
DA:20,0
DA:24,0
DA:25,0
DA:26,0
DA:27,0
DA:30,0
DA:31,0
DA:32,0
DA:33,0
DA:36,0
DA:43,1
DA:44,0
LF:23
LH:3
BRF:0
BRH:0
end_of_record
TN:
SF:src/hook/useSubmitReview.jsx
FN:5,useSubmitReview
FN:10,(anonymous_1)
FN:18,(anonymous_2)
FNF:3
FNH:0
FNDA:0,useSubmitReview
FNDA:0,(anonymous_1)
FNDA:0,(anonymous_2)
DA:6,0
DA:7,0
DA:9,0
DA:11,0
DA:12,0
DA:13,0
DA:14,0
DA:16,0
DA:19,0
DA:20,0
DA:21,0
DA:25,0
LF:12
LH:0
BRDA:11,0,0,0
BRDA:11,0,1,0
BRF:2
BRH:0
end_of_record
TN:
SF:src/services/review.js
FN:3,(anonymous_0)
FN:12,(anonymous_1)
FN:24,(anonymous_2)
FNF:3
FNH:0
FNDA:0,(anonymous_0)
FNDA:0,(anonymous_1)
FNDA:0,(anonymous_2)
DA:1,1
DA:3,1
DA:4,0
DA:5,0
DA:6,0
DA:7,0
DA:9,0
DA:12,1
DA:13,0
DA:14,0
DA:15,0
DA:17,0
DA:23,0
DA:24,0
DA:25,0
DA:26,0
DA:29,0
LF:17
LH:3
BRDA:6,0,0,0
BRDA:6,0,1,0
BRDA:15,1,0,0
BRDA:15,1,1,0
BRDA:23,2,0,0
BRDA:23,2,1,0
BRDA:25,3,0,0
BRDA:25,3,1,0
BRF:8
BRH:0
end_of_record
